2020-07-08 20:01:10,736  INFO [main] WebDriverManager:382 - Please answer the following questionnaire based on your experience with WebDriverManager. Thanks a lot!
2020-07-08 20:01:10,743  INFO [main] WebDriverManager:382 - ====> http://tiny.cc/wdm-survey <====
2020-07-08 20:01:11,673 DEBUG [main] ResolutionCache:403 - Resolution chrome=81 in cache (valid until 22:47:20 08/07/2020 GST)
2020-07-08 20:01:11,673  INFO [main] WebDriverManager:403 - Using chromedriver 81.0.4044.138 (since Chrome 81 is installed in your machine)
2020-07-08 20:01:11,704 DEBUG [main] WebDriverManager:393 - Driver chromedriver 81.0.4044.138 found in cache
2020-07-08 20:01:11,707  INFO [main] WebDriverManager:393 - Exporting webdriver.chrome.driver as C:\Users\S925015\.m2\repository\webdriver\chromedriver\win32\81.0.4044.138\chromedriver.exe
2020-07-08 20:01:12,000 DEBUG [main] InternalLoggerFactory:45 - Using SLF4J as the default logging framework
2020-07-08 20:01:12,008 DEBUG [main] ResourceLeakDetector:130 - -Dio.netty.leakDetection.level: simple
2020-07-08 20:01:12,008 DEBUG [main] ResourceLeakDetector:131 - -Dio.netty.leakDetection.targetRecords: 4
2020-07-08 20:01:12,015 DEBUG [main] ResourceLeakDetectorFactory:195 - Loaded default ResourceLeakDetector: io.netty.util.ResourceLeakDetector@2e8c1c9b
2020-07-08 20:01:12,057 DEBUG [main] PlatformDependent:1015 - Platform: Windows
2020-07-08 20:01:12,064 DEBUG [main] PlatformDependent0:408 - -Dio.netty.noUnsafe: false
2020-07-08 20:01:12,065 DEBUG [main] PlatformDependent0:876 - Java version: 8
2020-07-08 20:01:12,068 DEBUG [main] PlatformDependent0:125 - sun.misc.Unsafe.theUnsafe: available
2020-07-08 20:01:12,069 DEBUG [main] PlatformDependent0:149 - sun.misc.Unsafe.copyMemory: available
2020-07-08 20:01:12,071 DEBUG [main] PlatformDependent0:187 - java.nio.Buffer.address: available
2020-07-08 20:01:12,075 DEBUG [main] PlatformDependent0:252 - direct buffer constructor: available
2020-07-08 20:01:12,076 DEBUG [main] PlatformDependent0:326 - java.nio.Bits.unaligned: available, true
2020-07-08 20:01:12,077 DEBUG [main] PlatformDependent0:391 - jdk.internal.misc.Unsafe.allocateUninitializedArray(int): unavailable prior to Java9
2020-07-08 20:01:12,077 DEBUG [main] PlatformDependent0:398 - java.nio.DirectByteBuffer.<init>(long, int): available
2020-07-08 20:01:12,078 DEBUG [main] PlatformDependent:1058 - sun.misc.Unsafe: available
2020-07-08 20:01:12,079 DEBUG [main] PlatformDependent:1177 - -Dio.netty.tmpdir: C:\Users\S925015\AppData\Local\Temp (java.io.tmpdir)
2020-07-08 20:01:12,080 DEBUG [main] PlatformDependent:1256 - -Dio.netty.bitMode: 64 (sun.arch.data.model)
2020-07-08 20:01:12,082 DEBUG [main] PlatformDependent:177 - -Dio.netty.maxDirectMemory: 5691670528 bytes
2020-07-08 20:01:12,083 DEBUG [main] PlatformDependent:184 - -Dio.netty.uninitializedArrayAllocationThreshold: -1
2020-07-08 20:01:12,085 DEBUG [main] CleanerJava6:92 - java.nio.ByteBuffer.cleaner(): available
2020-07-08 20:01:12,086 DEBUG [main] PlatformDependent:204 - -Dio.netty.noPreferDirect: false
2020-07-08 20:01:12,103 DEBUG [main] PlatformDependent:919 - org.jctools-core.MpscChunkedArrayQueue: available
2020-07-08 20:01:12,211 DEBUG [main] JdkSslContext:96 - Default protocols (JDK): [TLSv1.2, TLSv1.1, TLSv1] 
2020-07-08 20:01:12,212 DEBUG [main] JdkSslContext:97 - Default cipher suites (JDK): [TLS_ECDHE_ECDSA_WITH_AES_256_GCM_SHA384, TLS_ECDHE_ECDSA_WITH_AES_128_GCM_SHA256, TLS_ECDHE_RSA_WITH_AES_128_GCM_SHA256, TLS_ECDHE_RSA_WITH_AES_256_GCM_SHA384, TLS_ECDHE_RSA_WITH_AES_128_CBC_SHA, TLS_ECDHE_RSA_WITH_AES_256_CBC_SHA, TLS_RSA_WITH_AES_128_GCM_SHA256, TLS_RSA_WITH_AES_128_CBC_SHA, TLS_RSA_WITH_AES_256_CBC_SHA]
2020-07-08 20:01:12,285 DEBUG [main] InternalThreadLocalMap:56 - -Dio.netty.threadLocalMap.stringBuilder.initialSize: 1024
2020-07-08 20:01:12,285 DEBUG [main] InternalThreadLocalMap:59 - -Dio.netty.threadLocalMap.stringBuilder.maxSize: 4096
2020-07-08 20:01:12,302 DEBUG [main] MultithreadEventLoopGroup:44 - -Dio.netty.eventLoopThreads: 16
2020-07-08 20:01:12,331 DEBUG [main] NioEventLoop:106 - -Dio.netty.noKeySetOptimization: false
2020-07-08 20:01:12,331 DEBUG [main] NioEventLoop:107 - -Dio.netty.selectorAutoRebuildThreshold: 512
2020-07-08 20:01:12,532 DEBUG [main] PooledByteBufAllocator:156 - -Dio.netty.allocator.numHeapArenas: 16
2020-07-08 20:01:12,534 DEBUG [main] PooledByteBufAllocator:157 - -Dio.netty.allocator.numDirectArenas: 16
2020-07-08 20:01:12,536 DEBUG [main] PooledByteBufAllocator:159 - -Dio.netty.allocator.pageSize: 8192
2020-07-08 20:01:12,537 DEBUG [main] PooledByteBufAllocator:164 - -Dio.netty.allocator.maxOrder: 11
2020-07-08 20:01:12,540 DEBUG [main] PooledByteBufAllocator:168 - -Dio.netty.allocator.chunkSize: 16777216
2020-07-08 20:01:12,542 DEBUG [main] PooledByteBufAllocator:169 - -Dio.netty.allocator.tinyCacheSize: 512
2020-07-08 20:01:12,544 DEBUG [main] PooledByteBufAllocator:170 - -Dio.netty.allocator.smallCacheSize: 256
2020-07-08 20:01:12,546 DEBUG [main] PooledByteBufAllocator:171 - -Dio.netty.allocator.normalCacheSize: 64
2020-07-08 20:01:12,547 DEBUG [main] PooledByteBufAllocator:172 - -Dio.netty.allocator.maxCachedBufferCapacity: 32768
2020-07-08 20:01:12,548 DEBUG [main] PooledByteBufAllocator:173 - -Dio.netty.allocator.cacheTrimInterval: 8192
2020-07-08 20:01:12,555 DEBUG [main] PooledByteBufAllocator:174 - -Dio.netty.allocator.cacheTrimIntervalMillis: 0
2020-07-08 20:01:12,556 DEBUG [main] PooledByteBufAllocator:175 - -Dio.netty.allocator.useCacheForAllThreads: true
2020-07-08 20:01:12,557 DEBUG [main] PooledByteBufAllocator:176 - -Dio.netty.allocator.maxCachedByteBuffersPerChunk: 1023
2020-07-08 20:01:12,595 DEBUG [main] ByteBufUtil:86 - -Dio.netty.allocator.type: pooled
2020-07-08 20:01:12,596 DEBUG [main] ByteBufUtil:95 - -Dio.netty.threadLocalDirectBufferSize: 0
2020-07-08 20:01:12,597 DEBUG [main] ByteBufUtil:98 - -Dio.netty.maxThreadLocalCharBufferSize: 16384
2020-07-08 20:01:14,208 DEBUG [Forwarding newSession on session null to remote] DefaultChannelId:79 - -Dio.netty.processId: 14508 (auto-detected)
2020-07-08 20:01:14,212 DEBUG [Forwarding newSession on session null to remote] NetUtil:139 - -Djava.net.preferIPv4Stack: false
2020-07-08 20:01:14,213 DEBUG [Forwarding newSession on session null to remote] NetUtil:140 - -Djava.net.preferIPv6Addresses: false
2020-07-08 20:01:14,437 DEBUG [Forwarding newSession on session null to remote] NetUtil:224 - Loopback interface: lo (Software Loopback Interface 1, 127.0.0.1)
2020-07-08 20:01:14,439 DEBUG [Forwarding newSession on session null to remote] NetUtil:289 - Failed to get SOMAXCONN from sysctl and file \proc\sys\net\core\somaxconn. Default: 200
2020-07-08 20:01:14,695 DEBUG [Forwarding newSession on session null to remote] DefaultChannelId:101 - -Dio.netty.machineId: 50:76:af:ff:fe:df:e3:19 (auto-detected)
2020-07-08 20:01:14,820 DEBUG [AsyncHttpClient-3-1] AbstractByteBuf:63 - -Dio.netty.buffer.checkAccessible: true
2020-07-08 20:01:14,821 DEBUG [AsyncHttpClient-3-1] AbstractByteBuf:64 - -Dio.netty.buffer.checkBounds: true
2020-07-08 20:01:14,821 DEBUG [AsyncHttpClient-3-1] ResourceLeakDetectorFactory:195 - Loaded default ResourceLeakDetector: io.netty.util.ResourceLeakDetector@26d0bda1
2020-07-08 20:01:14,904 DEBUG [AsyncHttpClient-3-1] NettyConnectListener:403 - Using new Channel '[id: 0x3726ffdb, L:/127.0.0.1:54298 - R:localhost/127.0.0.1:42536]' for 'POST' to '/session'
2020-07-08 20:01:14,958 DEBUG [AsyncHttpClient-3-1] Recycler:97 - -Dio.netty.recycler.maxCapacityPerThread: 4096
2020-07-08 20:01:14,960 DEBUG [AsyncHttpClient-3-1] Recycler:98 - -Dio.netty.recycler.maxSharedCapacityFactor: 2
2020-07-08 20:01:14,961 DEBUG [AsyncHttpClient-3-1] Recycler:99 - -Dio.netty.recycler.linkCapacity: 16
2020-07-08 20:01:14,962 DEBUG [AsyncHttpClient-3-1] Recycler:100 - -Dio.netty.recycler.ratio: 8
